Build started 10/10/2015 10:17:10 PM.
     1>Project "\\Mac\Home\Documents\Visual Studio 2013\Projects\VS 2013\CST 211\L02 Joseph Maurer\L02 Joseph Maurer\L02 Joseph Maurer.vcxproj" on node 2 (Build target(s)).
     1>ClCompile:
         C:\Program Files (x86)\Microsoft Visual Studio 12.0\VC\bin\CL.exe /c /ZI /nologo /W3 /WX- /sdl /Od /Oy- /D WIN32 /D _DEBUG /D _CONSOLE /D _LIB /D _UNICODE /D UNICODE /Gm /EHsc /RTC1 /MDd /GS /fp:precise /Zc:wchar_t /Zc:forScope /Fo"Debug\\" /Fd"Debug\vc120.pdb" /Gd /TP /analyze- /errorReport:prompt Exception.cpp "Lab 2 main.cpp"
         Lab 2 main.cpp
     1>\\mac\home\documents\visual studio 2013\projects\vs 2013\cst 211\l02 joseph maurer\l02 joseph maurer\lab 2 main.cpp(454): warning C4244: 'argument' : conversion from 'time_t' to 'unsigned int', possible loss of data
                 \\mac\home\documents\visual studio 2013\projects\vs 2013\cst 211\l02 joseph maurer\l02 joseph maurer\lab 2 main.cpp(322) : see reference to function template instantiation 'void Randomize<int>(T *,int)' being compiled
                 with
                 [
                     T=int
                 ]
         Exception.cpp
         Generating Code...
       Link:
         C:\Program Files (x86)\Microsoft Visual Studio 12.0\VC\bin\link.exe /ERRORREPORT:PROMPT /OUT:"\\Mac\Home\Documents\Visual Studio 2013\Projects\VS 2013\CST 211\L02 Joseph Maurer\Debug\L02 Joseph Maurer.exe" /INCREMENTAL /NOLOGO kernel32.lib user32.lib gdi32.lib winspool.lib comdlg32.lib advapi32.lib shell32.lib ole32.lib oleaut32.lib uuid.lib odbc32.lib odbccp32.lib /MANIFEST /MANIFESTUAC:"level='asInvoker' uiAccess='false'" /manifest:embed /DEBUG /PDB:"\\Mac\Home\Documents\Visual Studio 2013\Projects\VS 2013\CST 211\L02 Joseph Maurer\Debug\L02 Joseph Maurer.pdb" /SUBSYSTEM:CONSOLE /TLBID:1 /DYNAMICBASE /NXCOMPAT /IMPLIB:"\\Mac\Home\Documents\Visual Studio 2013\Projects\VS 2013\CST 211\L02 Joseph Maurer\Debug\L02 Joseph Maurer.lib" /MACHINE:X86 Debug\Exception.obj
         "Debug\Lab 2 main.obj"
         L02 Joseph Maurer.vcxproj -> \\Mac\Home\Documents\Visual Studio 2013\Projects\VS 2013\CST 211\L02 Joseph Maurer\Debug\L02 Joseph Maurer.exe
     1>Done Building Project "\\Mac\Home\Documents\Visual Studio 2013\Projects\VS 2013\CST 211\L02 Joseph Maurer\L02 Joseph Maurer\L02 Joseph Maurer.vcxproj" (Build target(s)).

Build succeeded.

Time Elapsed 00:00:02.65
